;  LST file generated by mikroListExporter - v.2.0 
; Date/Time: 26/11/2017 4:19:59 PM
;----------------------------------------------

;Address Opcode 	ASM
0x0000	0x2A06      	GOTO       518
_timer1interrupt:
;main.c,20 :: 		void timer1interrupt() iv 0x0004 ics ICS_AUTO {
0x0004	0x0870      	MOVF       R0, 0
0x0005	0x0020      	MOVLB      0
0x0006	0x00A0      	MOVWF      32
;main.c,21 :: 		if(time_play_count > time_play) {
0x0007	0x3180      	MOVLP      0
0x0008	0x0829      	MOVF       _time_play_count+1, 0
0x0009	0x0222      	SUBWF      _time_play+1, 0
0x000A	0x1D03      	BTFSS      STATUS, 2
0x000B	0x280E      	GOTO       L__timer1interrupt32
0x000C	0x0828      	MOVF       _time_play_count, 0
0x000D	0x0221      	SUBWF      _time_play, 0
L__timer1interrupt32:
0x000E	0x1803      	BTFSC      STATUS, 0
0x000F	0x2815      	GOTO       L_timer1interrupt0
;main.c,22 :: 		time_play_count = 0;
0x0010	0x01A8      	CLRF       _time_play_count
0x0011	0x01A9      	CLRF       _time_play_count+1
;main.c,23 :: 		isUpdateNote = 1;
0x0012	0x3001      	MOVLW      1
0x0013	0x00AB      	MOVWF      _isUpdateNote
;main.c,24 :: 		}
0x0014	0x2818      	GOTO       L_timer1interrupt1
L_timer1interrupt0:
;main.c,26 :: 		time_play_count++;
0x0015	0x0AA8      	INCF       _time_play_count, 1
0x0016	0x1903      	BTFSC      STATUS, 2
0x0017	0x0AA9      	INCF       _time_play_count+1, 1
L_timer1interrupt1:
;main.c,29 :: 		TMR1 = 64536;
0x0018	0x3018      	MOVLW      24
0x0019	0x0096      	MOVWF      TMR1
0x001A	0x30FC      	MOVLW      252
0x001B	0x0097      	MOVWF      TMR1+1
;main.c,30 :: 		PIR1.TMR1IF = 0;
0x001C	0x1011      	BCF        PIR1, 0
;main.c,31 :: 		}
L_end_timer1interrupt:
L__timer1interrupt31:
0x001D	0x0820      	MOVF       32, 0
0x001E	0x00F0      	MOVWF      R0
0x001F	0x0009      	RETFIE     %s
; end of _timer1interrupt
___CC2DW:
;__Lib_System.c,71 :: 		
;__Lib_System.c,73 :: 		
_CC2DL_Loop1:
;__Lib_System.c,74 :: 		
0x0020	0x0012      	MOVIW      FSR0++ 
;__Lib_System.c,75 :: 		
0x0021	0x001E      	MOVWI      FSR1++ 
;__Lib_System.c,76 :: 		
0x0022	0x03F0      	DECF       R0, 1
;__Lib_System.c,77 :: 		
0x0023	0x1D03      	BTFSS      STATUS, 2
;__Lib_System.c,78 :: 		
0x0024	0x2820      	GOTO       _CC2DL_Loop1
;__Lib_System.c,79 :: 		
0x0025	0x03F1      	DECF       R1, 1
;__Lib_System.c,80 :: 		
0x0026	0x1D03      	BTFSS      STATUS, 2
;__Lib_System.c,81 :: 		
0x0027	0x2820      	GOTO       _CC2DL_Loop1
;__Lib_System.c,83 :: 		
L_end___CC2DW:
0x0028	0x0008      	RETURN
; end of ___CC2DW
_init_pwm2:
;main.c,119 :: 		void init_pwm2() {
;main.c,121 :: 		PWM2CON = 0x00;
0x0029	0x003B      	MOVLB      27
0x002A	0x01AB      	CLRF       PWM2CON
;main.c,122 :: 		PWM2CON.PWM2POL = 0;
0x002B	0x122B      	BCF        PWM2CON, 4
;main.c,123 :: 		PWM2CON.PWM2OE = 1;
0x002C	0x172B      	BSF        PWM2CON, 6
;main.c,124 :: 		PWM2CON.PWM2EN = 0;
0x002D	0x13AB      	BCF        PWM2CON, 7
;main.c,127 :: 		PWM2INTE = 0x00;
0x002E	0x01AC      	CLRF       PWM2INTE
;main.c,130 :: 		PWM2CLKCON = 0x00;
0x002F	0x01AE      	CLRF       PWM2CLKCON
;main.c,133 :: 		PWM2CLKCON.PWM2PS0 = 1;
0x0030	0x162E      	BSF        PWM2CLKCON, 4
;main.c,134 :: 		PWM2CLKCON.PWM2PS1 = 1;
0x0031	0x16AE      	BSF        PWM2CLKCON, 5
;main.c,135 :: 		PWM2CLKCON.PWM2PS2 = 0;
0x0032	0x132E      	BCF        PWM2CLKCON, 6
;main.c,136 :: 		PWM2CLKCON.PWM2CS0 = 0;
0x0033	0x102E      	BCF        PWM2CLKCON, 0
;main.c,137 :: 		PWM2CLKCON.PWM2CS1 = 0;
0x0034	0x10AE      	BCF        PWM2CLKCON, 1
;main.c,140 :: 		PWM2TMR = 0;
0x0035	0x01A9      	CLRF       PWM2TMR
0x0036	0x01AA      	CLRF       PWM2TMR+1
;main.c,143 :: 		PWM2PH = 0;
0x0037	0x01A1      	CLRF       PWM2PH
0x0038	0x01A2      	CLRF       PWM2PH+1
;main.c,146 :: 		PWM2PR = 8000;
0x0039	0x3040      	MOVLW      64
0x003A	0x00A5      	MOVWF      PWM2PR
0x003B	0x301F      	MOVLW      31
0x003C	0x00A6      	MOVWF      PWM2PR+1
;main.c,152 :: 		PWM2DC = 4000;
0x003D	0x30A0      	MOVLW      160
0x003E	0x00A3      	MOVWF      PWM2DC
0x003F	0x300F      	MOVLW      15
0x0040	0x00A4      	MOVWF      PWM2DC+1
;main.c,154 :: 		PWM2LDCON.PWM2LD = 1;     // Load Buffer.
0x0041	0x17AF      	BSF        PWM2LDCON, 7
;main.c,156 :: 		}
L_end_init_pwm2:
0x0042	0x0008      	RETURN
; end of _init_pwm2
_init_pwm1:
;main.c,80 :: 		void init_pwm1() {
;main.c,82 :: 		PWM1CON = 0x00;
0x0043	0x003B      	MOVLB      27
0x0044	0x019B      	CLRF       PWM1CON
;main.c,83 :: 		PWM1CON.PWM1POL = 0;
0x0045	0x121B      	BCF        PWM1CON, 4
;main.c,84 :: 		PWM1CON.PWM1OE = 1;
0x0046	0x171B      	BSF        PWM1CON, 6
;main.c,85 :: 		PWM1CON.PWM1EN = 0;
0x0047	0x139B      	BCF        PWM1CON, 7
;main.c,88 :: 		PWM1INTE = 0x00;
0x0048	0x019C      	CLRF       PWM1INTE
;main.c,91 :: 		PWM1CLKCON = 0x00;
0x0049	0x019E      	CLRF       PWM1CLKCON
;main.c,94 :: 		PWM1CLKCON.PWM1PS0 = 1;
0x004A	0x161E      	BSF        PWM1CLKCON, 4
;main.c,95 :: 		PWM1CLKCON.PWM1PS1 = 1;
0x004B	0x169E      	BSF        PWM1CLKCON, 5
;main.c,96 :: 		PWM1CLKCON.PWM1PS2 = 0;
0x004C	0x131E      	BCF        PWM1CLKCON, 6
;main.c,97 :: 		PWM1CLKCON.PWM1CS0 = 0;
0x004D	0x101E      	BCF        PWM1CLKCON, 0
;main.c,98 :: 		PWM1CLKCON.PWM1CS1 = 0;
0x004E	0x109E      	BCF        PWM1CLKCON, 1
;main.c,101 :: 		PWM1TMR = 0;
0x004F	0x0199      	CLRF       PWM1TMR
0x0050	0x019A      	CLRF       PWM1TMR+1
;main.c,104 :: 		PWM1PH = 0;
0x0051	0x0191      	CLRF       PWM1PH
0x0052	0x0192      	CLRF       PWM1PH+1
;main.c,107 :: 		PWM1PR = 5000;
0x0053	0x3088      	MOVLW      136
0x0054	0x0095      	MOVWF      PWM1PR
0x0055	0x3013      	MOVLW      19
0x0056	0x0096      	MOVWF      PWM1PR+1
;main.c,113 :: 		PWM1DC = 2500;
0x0057	0x30C4      	MOVLW      196
0x0058	0x0093      	MOVWF      PWM1DC
0x0059	0x3009      	MOVLW      9
0x005A	0x0094      	MOVWF      PWM1DC+1
;main.c,115 :: 		PWM1LDCON.PWM1LD = 1;     // Load Buffer.
0x005B	0x179F      	BSF        PWM1LDCON, 7
;main.c,117 :: 		}
L_end_init_pwm1:
0x005C	0x0008      	RETURN
; end of _init_pwm1
_init:
;main.c,33 :: 		void init() {
;main.c,40 :: 		OSCCON.SPLLEN = 0; // disable Software PLL.
0x005D	0x0021      	MOVLB      1
0x005E	0x1399      	BCF        OSCCON, 7
;main.c,41 :: 		OSCCON.IRCF3 = 1;  // 8mhz -> 32mhz if PLLx4 set.
0x005F	0x1719      	BSF        OSCCON, 6
;main.c,42 :: 		OSCCON.IRCF2 = 1;
0x0060	0x1699      	BSF        OSCCON, 5
;main.c,43 :: 		OSCCON.IRCF1 = 1;
0x0061	0x1619      	BSF        OSCCON, 4
;main.c,44 :: 		OSCCON.IRCF0 = 0;
0x0062	0x1199      	BCF        OSCCON, 3
;main.c,45 :: 		OSCCON.SCS1  = 0;  // system clock select: internal osc.
0x0063	0x1099      	BCF        OSCCON, 1
;main.c,46 :: 		OSCCON.SCS0  = 0;
0x0064	0x1019      	BCF        OSCCON, 0
;main.c,48 :: 		APFCON.P1SEL = 0;
0x0065	0x0022      	MOVLB      2
0x0066	0x101D      	BCF        APFCON, 0
;main.c,49 :: 		ANSELA = 0x00;
0x0067	0x0023      	MOVLB      3
0x0068	0x018C      	CLRF       ANSELA
;main.c,50 :: 		TRISA = 0x00;
0x0069	0x0021      	MOVLB      1
0x006A	0x018C      	CLRF       TRISA
;main.c,51 :: 		LATA = 0x00;
0x006B	0x0022      	MOVLB      2
0x006C	0x018C      	CLRF       LATA
;main.c,53 :: 		INTCON = 0x00;
0x006D	0x018B      	CLRF       INTCON
;main.c,55 :: 		}
L_end_init:
0x006E	0x0008      	RETURN
; end of _init
_init_pwm3:
;main.c,158 :: 		void init_pwm3() {
;main.c,160 :: 		PWM3CON = 0x00;
0x006F	0x003B      	MOVLB      27
0x0070	0x01BB      	CLRF       PWM3CON
;main.c,161 :: 		PWM3CON.PWM3POL = 0;
0x0071	0x123B      	BCF        PWM3CON, 4
;main.c,162 :: 		PWM3CON.PWM3OE = 1;
0x0072	0x173B      	BSF        PWM3CON, 6
;main.c,163 :: 		PWM3CON.PWM3EN = 0;
0x0073	0x13BB      	BCF        PWM3CON, 7
;main.c,166 :: 		PWM3INTE = 0x00;
0x0074	0x01BC      	CLRF       PWM3INTE
;main.c,169 :: 		PWM3CLKCON = 0x00;
0x0075	0x01BE      	CLRF       PWM3CLKCON
;main.c,172 :: 		PWM3CLKCON.PWM3PS0 = 1;
0x0076	0x163E      	BSF        PWM3CLKCON, 4
;main.c,173 :: 		PWM3CLKCON.PWM3PS1 = 1;
0x0077	0x16BE      	BSF        PWM3CLKCON, 5
;main.c,174 :: 		PWM3CLKCON.PWM3PS2 = 0;
0x0078	0x133E      	BCF        PWM3CLKCON, 6
;main.c,175 :: 		PWM3CLKCON.PWM3CS0 = 0;
0x0079	0x103E      	BCF        PWM3CLKCON, 0
;main.c,176 :: 		PWM3CLKCON.PWM3CS1 = 0;
0x007A	0x10BE      	BCF        PWM3CLKCON, 1
;main.c,179 :: 		PWM3TMR = 0;
0x007B	0x01B9      	CLRF       PWM3TMR
0x007C	0x01BA      	CLRF       PWM3TMR+1
;main.c,182 :: 		PWM3PH = 0;
0x007D	0x01B1      	CLRF       PWM3PH
0x007E	0x01B2      	CLRF       PWM3PH+1
;main.c,185 :: 		PWM3PR = 2500;
0x007F	0x30C4      	MOVLW      196
0x0080	0x00B5      	MOVWF      PWM3PR
0x0081	0x3009      	MOVLW      9
0x0082	0x00B6      	MOVWF      PWM3PR+1
;main.c,191 :: 		PWM3DC = 1250;
0x0083	0x30E2      	MOVLW      226
0x0084	0x00B3      	MOVWF      PWM3DC
0x0085	0x3004      	MOVLW      4
0x0086	0x00B4      	MOVWF      PWM3DC+1
;main.c,193 :: 		PWM3LDCON.PWM3LD = 1;     // Load Buffer.
0x0087	0x17BF      	BSF        PWM3LDCON, 7
;main.c,195 :: 		}
L_end_init_pwm3:
0x0088	0x0008      	RETURN
; end of _init_pwm3
_init_intr:
;main.c,71 :: 		void init_intr() {
;main.c,73 :: 		PIR1 = 0x00;
0x0089	0x0020      	MOVLB      0
0x008A	0x0191      	CLRF       PIR1
;main.c,74 :: 		PIE3 = 0x00;
0x008B	0x0021      	MOVLB      1
0x008C	0x0193      	CLRF       PIE3
;main.c,75 :: 		PIE1.TMR1IE = 1;
0x008D	0x1411      	BSF        PIE1, 0
;main.c,76 :: 		INTCON.PEIE = 1;
0x008E	0x170B      	BSF        INTCON, 6
;main.c,77 :: 		INTCON.GIE = 1;
0x008F	0x178B      	BSF        INTCON, 7
;main.c,78 :: 		}
L_end_init_intr:
0x0090	0x0008      	RETURN
; end of _init_intr
_init_timer1:
;main.c,57 :: 		void init_timer1() {
;main.c,59 :: 		T1CON = 0x00;
0x0091	0x0020      	MOVLB      0
0x0092	0x0198      	CLRF       T1CON
;main.c,60 :: 		T1CON.T1CKPS0 = 1;     // 1:8 prescale value.
0x0093	0x1618      	BSF        T1CON, 4
;main.c,61 :: 		T1CON.T1CKPS1 = 1;
0x0094	0x1698      	BSF        T1CON, 5
;main.c,62 :: 		TMR1 = 64536;
0x0095	0x3018      	MOVLW      24
0x0096	0x0096      	MOVWF      TMR1
0x0097	0x30FC      	MOVLW      252
0x0098	0x0097      	MOVWF      TMR1+1
;main.c,63 :: 		T1GCON = 0x00;
0x0099	0x0199      	CLRF       T1GCON
;main.c,64 :: 		T1CON.TMR1ON = 1;
0x009A	0x1418      	BSF        T1CON, 0
;main.c,69 :: 		}
L_end_init_timer1:
0x009B	0x0008      	RETURN
; end of _init_timer1
_updateNote:
;main.c,199 :: 		void updateNote() {
;main.c,200 :: 		while(1) {
L_updateNote2:
;main.c,201 :: 		cmd = songData1[songIndex];
0x009C	0x3039      	MOVLW      _songData1
0x009D	0x0020      	MOVLB      0
0x009E	0x0725      	ADDWF      _songIndex, 0
0x009F	0x0084      	MOVWF      FSR0
0x00A0	0x3082      	MOVLW      hi_addr(_songData1)
0x00A1	0x3D26      	ADDWFC     _songIndex+1, 0
0x00A2	0x0085      	MOVWF      FSR0H
0x00A3	0x0800      	MOVF       INDF0, 0
0x00A4	0x00F1      	MOVWF      R1
0x00A5	0x0871      	MOVF       R1, 0
0x00A6	0x00A4      	MOVWF      _cmd
;main.c,203 :: 		if(cmd < 0x80) {
0x00A7	0x3080      	MOVLW      128
0x00A8	0x0271      	SUBWF      R1, 0
0x00A9	0x1803      	BTFSC      STATUS, 0
0x00AA	0x28CD      	GOTO       L_updateNote4
;main.c,204 :: 		time_play = ( (songData1[songIndex] << 8) | songData1[songIndex+1] );
0x00AB	0x3039      	MOVLW      _songData1
0x00AC	0x0725      	ADDWF      _songIndex, 0
0x00AD	0x0084      	MOVWF      FSR0
0x00AE	0x3082      	MOVLW      hi_addr(_songData1)
0x00AF	0x3D26      	ADDWFC     _songIndex+1, 0
0x00B0	0x0085      	MOVWF      FSR0H
0x00B1	0x0800      	MOVF       INDF0, 0
0x00B2	0x00F1      	MOVWF      R1
0x00B3	0x0871      	MOVF       R1, 0
0x00B4	0x00A2      	MOVWF      _time_play+1
0x00B5	0x01A1      	CLRF       _time_play
0x00B6	0x3001      	MOVLW      1
0x00B7	0x0725      	ADDWF      _songIndex, 0
0x00B8	0x00F0      	MOVWF      R0
0x00B9	0x3000      	MOVLW      0
0x00BA	0x3D26      	ADDWFC     _songIndex+1, 0
0x00BB	0x00F1      	MOVWF      R1
0x00BC	0x3039      	MOVLW      _songData1
0x00BD	0x0770      	ADDWF      R0, 0
0x00BE	0x0084      	MOVWF      FSR0
0x00BF	0x3082      	MOVLW      hi_addr(_songData1)
0x00C0	0x3D71      	ADDWFC     R1, 0
0x00C1	0x0085      	MOVWF      FSR0H
0x00C2	0x0800      	MOVF       INDF0, 0
0x00C3	0x00F0      	MOVWF      R0
0x00C4	0x0870      	MOVF       R0, 0
0x00C5	0x04A1      	IORWF       _time_play, 1
0x00C6	0x3000      	MOVLW      0
0x00C7	0x04A2      	IORWF       _time_play+1, 1
;main.c,205 :: 		songIndex += 2;
0x00C8	0x3002      	MOVLW      2
0x00C9	0x07A5      	ADDWF      _songIndex, 1
0x00CA	0x3000      	MOVLW      0
0x00CB	0x3DA6      	ADDWFC     _songIndex+1, 1
;main.c,206 :: 		break;
0x00CC	0x2A05      	GOTO       L_updateNote3
;main.c,207 :: 		}
L_updateNote4:
;main.c,209 :: 		opcode = cmd & 0xf0;
0x00CD	0x30F0      	MOVLW      240
0x00CE	0x0524      	ANDWF      _cmd, 0
0x00CF	0x00F1      	MOVWF      R1
0x00D0	0x0871      	MOVF       R1, 0
0x00D1	0x00A3      	MOVWF      _opcode
;main.c,210 :: 		chan   = cmd & 0x0f;
0x00D2	0x300F      	MOVLW      15
0x00D3	0x0524      	ANDWF      _cmd, 0
0x00D4	0x00AA      	MOVWF      _chan
;main.c,212 :: 		if(opcode == 0x80) {// stop note here!
0x00D5	0x0871      	MOVF       R1, 0
0x00D6	0x3A80      	XORLW      128
0x00D7	0x1D03      	BTFSS      STATUS, 2
0x00D8	0x28F7      	GOTO       L_updateNote5
;main.c,213 :: 		switch(chan) {
0x00D9	0x28E4      	GOTO       L_updateNote6
;main.c,215 :: 		case 0: PWM1CON.PWM1EN = 0;
L_updateNote8:
0x00DA	0x003B      	MOVLB      27
0x00DB	0x139B      	BCF        PWM1CON, 7
;main.c,216 :: 		break;
0x00DC	0x28F2      	GOTO       L_updateNote7
;main.c,217 :: 		case 1: PWM2CON.PWM2EN = 0;
L_updateNote9:
0x00DD	0x003B      	MOVLB      27
0x00DE	0x13AB      	BCF        PWM2CON, 7
;main.c,218 :: 		break;
0x00DF	0x28F2      	GOTO       L_updateNote7
;main.c,219 :: 		case 2: PWM3CON.PWM3EN = 0;
L_updateNote10:
0x00E0	0x003B      	MOVLB      27
0x00E1	0x13BB      	BCF        PWM3CON, 7
;main.c,220 :: 		break;
0x00E2	0x28F2      	GOTO       L_updateNote7
;main.c,221 :: 		default:
L_updateNote11:
;main.c,222 :: 		break;
0x00E3	0x28F2      	GOTO       L_updateNote7
;main.c,223 :: 		}
L_updateNote6:
0x00E4	0x0020      	MOVLB      0
0x00E5	0x082A      	MOVF       _chan, 0
0x00E6	0x3A00      	XORLW      0
0x00E7	0x1903      	BTFSC      STATUS, 2
0x00E8	0x28DA      	GOTO       L_updateNote8
0x00E9	0x082A      	MOVF       _chan, 0
0x00EA	0x3A01      	XORLW      1
0x00EB	0x1903      	BTFSC      STATUS, 2
0x00EC	0x28DD      	GOTO       L_updateNote9
0x00ED	0x082A      	MOVF       _chan, 0
0x00EE	0x3A02      	XORLW      2
0x00EF	0x1903      	BTFSC      STATUS, 2
0x00F0	0x28E0      	GOTO       L_updateNote10
0x00F1	0x28E3      	GOTO       L_updateNote11
L_updateNote7:
0x00F2	0x0020      	MOVLB      0
;main.c,224 :: 		songIndex += 1;
0x00F3	0x0AA5      	INCF       _songIndex, 1
0x00F4	0x1903      	BTFSC      STATUS, 2
0x00F5	0x0AA6      	INCF       _songIndex+1, 1
;main.c,226 :: 		}
0x00F6	0x2A04      	GOTO       L_updateNote12
L_updateNote5:
;main.c,227 :: 		else if(opcode == 0x90) { // play note here!
0x00F7	0x0823      	MOVF       _opcode, 0
0x00F8	0x3A90      	XORLW      144
0x00F9	0x1D03      	BTFSS      STATUS, 2
0x00FA	0x29F3      	GOTO       L_updateNote13
;main.c,228 :: 		isUpdateNote = 1;
0x00FB	0x3001      	MOVLW      1
0x00FC	0x00AB      	MOVWF      _isUpdateNote
;main.c,229 :: 		switch(chan) {
0x00FD	0x29DF      	GOTO       L_updateNote14
;main.c,231 :: 		case 0: PWM1PR = tuningWords[songData1[songIndex+1]];
L_updateNote16:
0x00FE	0x3001      	MOVLW      1
0x00FF	0x0725      	ADDWF      _songIndex, 0
0x0100	0x00F0      	MOVWF      R0
0x0101	0x3000      	MOVLW      0
0x0102	0x3D26      	ADDWFC     _songIndex+1, 0
0x0103	0x00F1      	MOVWF      R1
0x0104	0x3039      	MOVLW      _songData1
0x0105	0x0770      	ADDWF      R0, 0
0x0106	0x00F6      	MOVWF      R6
0x0107	0x3082      	MOVLW      hi_addr(_songData1)
0x0108	0x3D71      	ADDWFC     R1, 0
0x0109	0x00F7      	MOVWF      R7
0x010A	0x0876      	MOVF       R6, 0
0x010B	0x0084      	MOVWF      FSR0
0x010C	0x0877      	MOVF       R7, 0
0x010D	0x0085      	MOVWF      FSR0H
0x010E	0x0800      	MOVF       INDF0, 0
0x010F	0x00F3      	MOVWF      R3
0x0110	0x30A8      	MOVLW      _tuningWords
0x0111	0x00F4      	MOVWF      R4
0x0112	0x3084      	MOVLW      hi_addr(_tuningWords)
0x0113	0x00F5      	MOVWF      R5
0x0114	0x0873      	MOVF       R3, 0
0x0115	0x00F0      	MOVWF      R0
0x0116	0x01F1      	CLRF       R1
0x0117	0x35F0      	LSLF       R0, 1
0x0118	0x0DF1      	RLF        R1, 1
0x0119	0x0870      	MOVF       R0, 0
0x011A	0x0774      	ADDWF      R4, 0
0x011B	0x0084      	MOVWF      FSR0
0x011C	0x0871      	MOVF       R1, 0
0x011D	0x3D75      	ADDWFC     R5, 0
0x011E	0x0085      	MOVWF      FSR0H
0x011F	0x0800      	MOVF       INDF0, 0
0x0120	0x003B      	MOVLB      27
0x0121	0x0095      	MOVWF      PWM1PR
0x0122	0x3101      	ADDFSR     0, 1
0x0123	0x0800      	MOVF       INDF0, 0
0x0124	0x0096      	MOVWF      PWM1PR+1
;main.c,232 :: 		PWM1DC = tuningWords[songData1[songIndex+1]] >> 1;
0x0125	0x0876      	MOVF       R6, 0
0x0126	0x0084      	MOVWF      FSR0
0x0127	0x0877      	MOVF       R7, 0
0x0128	0x0085      	MOVWF      FSR0H
0x0129	0x0800      	MOVF       INDF0, 0
0x012A	0x00F3      	MOVWF      R3
0x012B	0x0873      	MOVF       R3, 0
0x012C	0x00F0      	MOVWF      R0
0x012D	0x01F1      	CLRF       R1
0x012E	0x35F0      	LSLF       R0, 1
0x012F	0x0DF1      	RLF        R1, 1
0x0130	0x0870      	MOVF       R0, 0
0x0131	0x0774      	ADDWF      R4, 0
0x0132	0x0084      	MOVWF      FSR0
0x0133	0x0871      	MOVF       R1, 0
0x0134	0x3D75      	ADDWFC     R5, 0
0x0135	0x0085      	MOVWF      FSR0H
0x0136	0x0800      	MOVF       INDF0, 0
0x0137	0x00F3      	MOVWF      R3
0x0138	0x3101      	ADDFSR     0, 1
0x0139	0x0800      	MOVF       INDF0, 0
0x013A	0x00F4      	MOVWF      R4
0x013B	0x0873      	MOVF       R3, 0
0x013C	0x00F0      	MOVWF      R0
0x013D	0x0874      	MOVF       R4, 0
0x013E	0x00F1      	MOVWF      R1
0x013F	0x36F1      	LSRF       R1, 1
0x0140	0x0CF0      	RRF        R0, 1
0x0141	0x0870      	MOVF       R0, 0
0x0142	0x0093      	MOVWF      PWM1DC
0x0143	0x0871      	MOVF       R1, 0
0x0144	0x0094      	MOVWF      PWM1DC+1
;main.c,233 :: 		PWM1LDCON.PWM1LD = 1;     // Load Buffer.
0x0145	0x179F      	BSF        PWM1LDCON, 7
;main.c,234 :: 		PWM1CON.PWM1EN = 1;
0x0146	0x179B      	BSF        PWM1CON, 7
;main.c,235 :: 		break;
0x0147	0x29ED      	GOTO       L_updateNote15
;main.c,236 :: 		case 1: PWM2PR = tuningWords[songData1[songIndex+1]];
L_updateNote17:
0x0148	0x3001      	MOVLW      1
0x0149	0x0020      	MOVLB      0
0x014A	0x0725      	ADDWF      _songIndex, 0
0x014B	0x00F0      	MOVWF      R0
0x014C	0x3000      	MOVLW      0
0x014D	0x3D26      	ADDWFC     _songIndex+1, 0
0x014E	0x00F1      	MOVWF      R1
0x014F	0x3039      	MOVLW      _songData1
0x0150	0x0770      	ADDWF      R0, 0
0x0151	0x00F6      	MOVWF      R6
0x0152	0x3082      	MOVLW      hi_addr(_songData1)
0x0153	0x3D71      	ADDWFC     R1, 0
0x0154	0x00F7      	MOVWF      R7
0x0155	0x0876      	MOVF       R6, 0
0x0156	0x0084      	MOVWF      FSR0
0x0157	0x0877      	MOVF       R7, 0
0x0158	0x0085      	MOVWF      FSR0H
0x0159	0x0800      	MOVF       INDF0, 0
0x015A	0x00F3      	MOVWF      R3
0x015B	0x30A8      	MOVLW      _tuningWords
0x015C	0x00F4      	MOVWF      R4
0x015D	0x3084      	MOVLW      hi_addr(_tuningWords)
0x015E	0x00F5      	MOVWF      R5
0x015F	0x0873      	MOVF       R3, 0
0x0160	0x00F0      	MOVWF      R0
0x0161	0x01F1      	CLRF       R1
0x0162	0x35F0      	LSLF       R0, 1
0x0163	0x0DF1      	RLF        R1, 1
0x0164	0x0870      	MOVF       R0, 0
0x0165	0x0774      	ADDWF      R4, 0
0x0166	0x0084      	MOVWF      FSR0
0x0167	0x0871      	MOVF       R1, 0
0x0168	0x3D75      	ADDWFC     R5, 0
0x0169	0x0085      	MOVWF      FSR0H
0x016A	0x0800      	MOVF       INDF0, 0
0x016B	0x003B      	MOVLB      27
0x016C	0x00A5      	MOVWF      PWM2PR
0x016D	0x3101      	ADDFSR     0, 1
0x016E	0x0800      	MOVF       INDF0, 0
0x016F	0x00A6      	MOVWF      PWM2PR+1
;main.c,237 :: 		PWM2DC = tuningWords[songData1[songIndex+1]] >> 1;
0x0170	0x0876      	MOVF       R6, 0
0x0171	0x0084      	MOVWF      FSR0
0x0172	0x0877      	MOVF       R7, 0
0x0173	0x0085      	MOVWF      FSR0H
0x0174	0x0800      	MOVF       INDF0, 0
0x0175	0x00F3      	MOVWF      R3
0x0176	0x0873      	MOVF       R3, 0
0x0177	0x00F0      	MOVWF      R0
0x0178	0x01F1      	CLRF       R1
0x0179	0x35F0      	LSLF       R0, 1
0x017A	0x0DF1      	RLF        R1, 1
0x017B	0x0870      	MOVF       R0, 0
0x017C	0x0774      	ADDWF      R4, 0
0x017D	0x0084      	MOVWF      FSR0
0x017E	0x0871      	MOVF       R1, 0
0x017F	0x3D75      	ADDWFC     R5, 0
0x0180	0x0085      	MOVWF      FSR0H
0x0181	0x0800      	MOVF       INDF0, 0
0x0182	0x00F3      	MOVWF      R3
0x0183	0x3101      	ADDFSR     0, 1
0x0184	0x0800      	MOVF       INDF0, 0
0x0185	0x00F4      	MOVWF      R4
0x0186	0x0873      	MOVF       R3, 0
0x0187	0x00F0      	MOVWF      R0
0x0188	0x0874      	MOVF       R4, 0
0x0189	0x00F1      	MOVWF      R1
0x018A	0x36F1      	LSRF       R1, 1
0x018B	0x0CF0      	RRF        R0, 1
0x018C	0x0870      	MOVF       R0, 0
0x018D	0x00A3      	MOVWF      PWM2DC
0x018E	0x0871      	MOVF       R1, 0
0x018F	0x00A4      	MOVWF      PWM2DC+1
;main.c,238 :: 		PWM2LDCON.PWM2LD = 1;     // Load Buffer.
0x0190	0x17AF      	BSF        PWM2LDCON, 7
;main.c,239 :: 		PWM2CON.PWM2EN = 1;
0x0191	0x17AB      	BSF        PWM2CON, 7
;main.c,240 :: 		break;
0x0192	0x29ED      	GOTO       L_updateNote15
;main.c,241 :: 		case 2: PWM3PR = tuningWords[songData1[songIndex+1]];
L_updateNote18:
0x0193	0x3001      	MOVLW      1
0x0194	0x0020      	MOVLB      0
0x0195	0x0725      	ADDWF      _songIndex, 0
0x0196	0x00F0      	MOVWF      R0
0x0197	0x3000      	MOVLW      0
0x0198	0x3D26      	ADDWFC     _songIndex+1, 0
0x0199	0x00F1      	MOVWF      R1
0x019A	0x3039      	MOVLW      _songData1
0x019B	0x0770      	ADDWF      R0, 0
0x019C	0x00F6      	MOVWF      R6
0x019D	0x3082      	MOVLW      hi_addr(_songData1)
0x019E	0x3D71      	ADDWFC     R1, 0
0x019F	0x00F7      	MOVWF      R7
0x01A0	0x0876      	MOVF       R6, 0
0x01A1	0x0084      	MOVWF      FSR0
0x01A2	0x0877      	MOVF       R7, 0
0x01A3	0x0085      	MOVWF      FSR0H
0x01A4	0x0800      	MOVF       INDF0, 0
0x01A5	0x00F3      	MOVWF      R3
0x01A6	0x30A8      	MOVLW      _tuningWords
0x01A7	0x00F4      	MOVWF      R4
0x01A8	0x3084      	MOVLW      hi_addr(_tuningWords)
0x01A9	0x00F5      	MOVWF      R5
0x01AA	0x0873      	MOVF       R3, 0
0x01AB	0x00F0      	MOVWF      R0
0x01AC	0x01F1      	CLRF       R1
0x01AD	0x35F0      	LSLF       R0, 1
0x01AE	0x0DF1      	RLF        R1, 1
0x01AF	0x0870      	MOVF       R0, 0
0x01B0	0x0774      	ADDWF      R4, 0
0x01B1	0x0084      	MOVWF      FSR0
0x01B2	0x0871      	MOVF       R1, 0
0x01B3	0x3D75      	ADDWFC     R5, 0
0x01B4	0x0085      	MOVWF      FSR0H
0x01B5	0x0800      	MOVF       INDF0, 0
0x01B6	0x003B      	MOVLB      27
0x01B7	0x00B5      	MOVWF      PWM3PR
0x01B8	0x3101      	ADDFSR     0, 1
0x01B9	0x0800      	MOVF       INDF0, 0
0x01BA	0x00B6      	MOVWF      PWM3PR+1
;main.c,242 :: 		PWM3DC = tuningWords[songData1[songIndex+1]] >> 1;
0x01BB	0x0876      	MOVF       R6, 0
0x01BC	0x0084      	MOVWF      FSR0
0x01BD	0x0877      	MOVF       R7, 0
0x01BE	0x0085      	MOVWF      FSR0H
0x01BF	0x0800      	MOVF       INDF0, 0
0x01C0	0x00F3      	MOVWF      R3
0x01C1	0x0873      	MOVF       R3, 0
0x01C2	0x00F0      	MOVWF      R0
0x01C3	0x01F1      	CLRF       R1
0x01C4	0x35F0      	LSLF       R0, 1
0x01C5	0x0DF1      	RLF        R1, 1
0x01C6	0x0870      	MOVF       R0, 0
0x01C7	0x0774      	ADDWF      R4, 0
0x01C8	0x0084      	MOVWF      FSR0
0x01C9	0x0871      	MOVF       R1, 0
0x01CA	0x3D75      	ADDWFC     R5, 0
0x01CB	0x0085      	MOVWF      FSR0H
0x01CC	0x0800      	MOVF       INDF0, 0
0x01CD	0x00F3      	MOVWF      R3
0x01CE	0x3101      	ADDFSR     0, 1
0x01CF	0x0800      	MOVF       INDF0, 0
0x01D0	0x00F4      	MOVWF      R4
0x01D1	0x0873      	MOVF       R3, 0
0x01D2	0x00F0      	MOVWF      R0
0x01D3	0x0874      	MOVF       R4, 0
0x01D4	0x00F1      	MOVWF      R1
0x01D5	0x36F1      	LSRF       R1, 1
0x01D6	0x0CF0      	RRF        R0, 1
0x01D7	0x0870      	MOVF       R0, 0
0x01D8	0x00B3      	MOVWF      PWM3DC
0x01D9	0x0871      	MOVF       R1, 0
0x01DA	0x00B4      	MOVWF      PWM3DC+1
;main.c,243 :: 		PWM3LDCON.PWM3LD = 1;     // Load Buffer.
0x01DB	0x17BF      	BSF        PWM3LDCON, 7
;main.c,244 :: 		PWM3CON.PWM3EN = 1;
0x01DC	0x17BB      	BSF        PWM3CON, 7
;main.c,245 :: 		break;
0x01DD	0x29ED      	GOTO       L_updateNote15
;main.c,246 :: 		default:
L_updateNote19:
;main.c,247 :: 		break;
0x01DE	0x29ED      	GOTO       L_updateNote15
;main.c,248 :: 		}
L_updateNote14:
0x01DF	0x0020      	MOVLB      0
0x01E0	0x082A      	MOVF       _chan, 0
0x01E1	0x3A00      	XORLW      0
0x01E2	0x1903      	BTFSC      STATUS, 2
0x01E3	0x28FE      	GOTO       L_updateNote16
0x01E4	0x082A      	MOVF       _chan, 0
0x01E5	0x3A01      	XORLW      1
0x01E6	0x1903      	BTFSC      STATUS, 2
0x01E7	0x2948      	GOTO       L_updateNote17
0x01E8	0x082A      	MOVF       _chan, 0
0x01E9	0x3A02      	XORLW      2
0x01EA	0x1903      	BTFSC      STATUS, 2
0x01EB	0x2993      	GOTO       L_updateNote18
0x01EC	0x29DE      	GOTO       L_updateNote19
L_updateNote15:
0x01ED	0x0020      	MOVLB      0
;main.c,249 :: 		songIndex += 2;
0x01EE	0x3002      	MOVLW      2
0x01EF	0x07A5      	ADDWF      _songIndex, 1
0x01F0	0x3000      	MOVLW      0
0x01F1	0x3DA6      	ADDWFC     _songIndex+1, 1
;main.c,251 :: 		}
0x01F2	0x2A04      	GOTO       L_updateNote20
L_updateNote13:
;main.c,253 :: 		else if(opcode == 0xf0) {  // stop playing score!
0x01F3	0x0823      	MOVF       _opcode, 0
0x01F4	0x3AF0      	XORLW      240
0x01F5	0x1D03      	BTFSS      STATUS, 2
0x01F6	0x29F9      	GOTO       L_updateNote21
;main.c,254 :: 		isPlaying = 0;
0x01F7	0x01A7      	CLRF       _isPlaying
;main.c,255 :: 		break;
0x01F8	0x2A05      	GOTO       L_updateNote3
;main.c,256 :: 		}
L_updateNote21:
;main.c,258 :: 		else if(opcode == 0xe0) {  // start playing from beginning!
0x01F9	0x0823      	MOVF       _opcode, 0
0x01FA	0x3AE0      	XORLW      224
0x01FB	0x1D03      	BTFSS      STATUS, 2
0x01FC	0x2A04      	GOTO       L_updateNote23
;main.c,259 :: 		songIndex = 0;
0x01FD	0x01A5      	CLRF       _songIndex
0x01FE	0x01A6      	CLRF       _songIndex+1
;main.c,260 :: 		time_play_count = 0;
0x01FF	0x01A8      	CLRF       _time_play_count
0x0200	0x01A9      	CLRF       _time_play_count+1
;main.c,261 :: 		time_play = 0;
0x0201	0x01A1      	CLRF       _time_play
0x0202	0x01A2      	CLRF       _time_play+1
;main.c,262 :: 		break;
0x0203	0x2A05      	GOTO       L_updateNote3
;main.c,263 :: 		}
L_updateNote23:
L_updateNote20:
L_updateNote12:
;main.c,264 :: 		}
0x0204	0x289C      	GOTO       L_updateNote2
L_updateNote3:
;main.c,265 :: 		}
L_end_updateNote:
0x0205	0x0008      	RETURN
; end of _updateNote
_main:
0x0206	0x0020      	MOVLB      0
0x0207	0x01A1      	CLRF       _time_play
0x0208	0x01A2      	CLRF       34
0x0209	0x01A3      	CLRF       _opcode
0x020A	0x01A4      	CLRF       _cmd
0x020B	0x01A5      	CLRF       _songIndex
0x020C	0x01A6      	CLRF       38
0x020D	0x01A7      	CLRF       _isPlaying
0x020E	0x01A8      	CLRF       _time_play_count
0x020F	0x01A9      	CLRF       41
0x0210	0x01AA      	CLRF       _chan
0x0211	0x3001      	MOVLW      1
0x0212	0x00AB      	MOVWF      _isUpdateNote
;main.c,267 :: 		void main() {
;main.c,269 :: 		init();
0x0213	0x205D      	CALL       _init
;main.c,271 :: 		delay_ms(50);
0x0214	0x3003      	MOVLW      3
0x0215	0x00FB      	MOVWF      R11
0x0216	0x3008      	MOVLW      8
0x0217	0x00FC      	MOVWF      R12
0x0218	0x3077      	MOVLW      119
0x0219	0x00FD      	MOVWF      R13
L_main24:
0x021A	0x0BFD      	DECFSZ     R13, 1
0x021B	0x2A1A      	GOTO       L_main24
0x021C	0x0BFC      	DECFSZ     R12, 1
0x021D	0x2A1A      	GOTO       L_main24
0x021E	0x0BFB      	DECFSZ     R11, 1
0x021F	0x2A1A      	GOTO       L_main24
;main.c,273 :: 		init_pwm1();
0x0220	0x2043      	CALL       _init_pwm1
;main.c,274 :: 		init_pwm2();
0x0221	0x2029      	CALL       _init_pwm2
;main.c,275 :: 		init_pwm3();
0x0222	0x206F      	CALL       _init_pwm3
;main.c,277 :: 		init_intr();
0x0223	0x2089      	CALL       _init_intr
;main.c,279 :: 		isPlaying = 1;
0x0224	0x3001      	MOVLW      1
0x0225	0x0020      	MOVLB      0
0x0226	0x00A7      	MOVWF      _isPlaying
;main.c,281 :: 		init_timer1();
0x0227	0x2091      	CALL       _init_timer1
;main.c,283 :: 		while(1) {
L_main25:
0x0228	0x0020      	MOVLB      0
;main.c,286 :: 		if (isPlaying == 1)
0x0229	0x0827      	MOVF       _isPlaying, 0
0x022A	0x3A01      	XORLW      1
0x022B	0x1D03      	BTFSS      STATUS, 2
0x022C	0x2A33      	GOTO       L_main27
;main.c,288 :: 		if (isUpdateNote)
0x022D	0x082B      	MOVF       _isUpdateNote, 0
0x022E	0x1903      	BTFSC      STATUS, 2
0x022F	0x2A32      	GOTO       L_main28
;main.c,290 :: 		updateNote();
0x0230	0x209C      	CALL       _updateNote
;main.c,291 :: 		isUpdateNote = 0;
0x0231	0x01AB      	CLRF       _isUpdateNote
;main.c,292 :: 		}
L_main28:
;main.c,293 :: 		}
0x0232	0x2A37      	GOTO       L_main29
L_main27:
;main.c,296 :: 		PWM1CON.PWM1EN = 0;
0x0233	0x003B      	MOVLB      27
0x0234	0x139B      	BCF        PWM1CON, 7
;main.c,297 :: 		PWM2CON.PWM2EN = 0;
0x0235	0x13AB      	BCF        PWM2CON, 7
;main.c,298 :: 		PWM3CON.PWM3EN = 0;
0x0236	0x13BB      	BCF        PWM3CON, 7
;main.c,299 :: 		}
L_main29:
;main.c,300 :: 		}
0x0237	0x2A28      	GOTO       L_main25
;main.c,301 :: 		}
L_end_main:
0x0238	0x2A38      	GOTO       $+0
; end of _main
;main.c,3 :: _songData1
0x0239	0x3400 ;_songData1+0
0x023A	0x3400 ;_songData1+1
0x023B	0x3490 ;_songData1+2
0x023C	0x343B ;_songData1+3
0x023D	0x3401 ;_songData1+4
0x023E	0x3460 ;_songData1+5
0x023F	0x3480 ;_songData1+6
0x0240	0x3490 ;_songData1+7
0x0241	0x343B ;_songData1+8
0x0242	0x3401 ;_songData1+9
0x0243	0x3460 ;_songData1+10
0x0244	0x3491 ;_songData1+11
0x0245	0x3444 ;_songData1+12
0x0246	0x3401 ;_songData1+13
0x0247	0x3460 ;_songData1+14
0x0248	0x3481 ;_songData1+15
0x0249	0x3491 ;_songData1+16
0x024A	0x3442 ;_songData1+17
0x024B	0x3401 ;_songData1+18
0x024C	0x3460 ;_songData1+19
0x024D	0x3481 ;_songData1+20
0x024E	0x3491 ;_songData1+21
0x024F	0x3440 ;_songData1+22
0x0250	0x3401 ;_songData1+23
0x0251	0x3460 ;_songData1+24
0x0252	0x3481 ;_songData1+25
0x0253	0x3480 ;_songData1+26
0x0254	0x3490 ;_songData1+27
0x0255	0x343B ;_songData1+28
0x0256	0x3404 ;_songData1+29
0x0257	0x3422 ;_songData1+30
0x0258	0x3480 ;_songData1+31
0x0259	0x3490 ;_songData1+32
0x025A	0x343B ;_songData1+33
0x025B	0x3401 ;_songData1+34
0x025C	0x3460 ;_songData1+35
0x025D	0x3480 ;_songData1+36
0x025E	0x3490 ;_songData1+37
0x025F	0x343B ;_songData1+38
0x0260	0x3401 ;_songData1+39
0x0261	0x3460 ;_songData1+40
0x0262	0x3491 ;_songData1+41
0x0263	0x3444 ;_songData1+42
0x0264	0x3401 ;_songData1+43
0x0265	0x3460 ;_songData1+44
0x0266	0x3481 ;_songData1+45
0x0267	0x3491 ;_songData1+46
0x0268	0x3442 ;_songData1+47
0x0269	0x3401 ;_songData1+48
0x026A	0x3460 ;_songData1+49
0x026B	0x3481 ;_songData1+50
0x026C	0x3491 ;_songData1+51
0x026D	0x3440 ;_songData1+52
0x026E	0x3401 ;_songData1+53
0x026F	0x3460 ;_songData1+54
0x0270	0x3481 ;_songData1+55
0x0271	0x3480 ;_songData1+56
0x0272	0x3490 ;_songData1+57
0x0273	0x343D ;_songData1+58
0x0274	0x3404 ;_songData1+59
0x0275	0x3422 ;_songData1+60
0x0276	0x3480 ;_songData1+61
0x0277	0x3490 ;_songData1+62
0x0278	0x343D ;_songData1+63
0x0279	0x3401 ;_songData1+64
0x027A	0x3460 ;_songData1+65
0x027B	0x3480 ;_songData1+66
0x027C	0x3490 ;_songData1+67
0x027D	0x343D ;_songData1+68
0x027E	0x3401 ;_songData1+69
0x027F	0x3460 ;_songData1+70
0x0280	0x3491 ;_songData1+71
0x0281	0x3445 ;_songData1+72
0x0282	0x3401 ;_songData1+73
0x0283	0x3460 ;_songData1+74
0x0284	0x3481 ;_songData1+75
0x0285	0x3491 ;_songData1+76
0x0286	0x3444 ;_songData1+77
0x0287	0x3401 ;_songData1+78
0x0288	0x3460 ;_songData1+79
0x0289	0x3481 ;_songData1+80
0x028A	0x3491 ;_songData1+81
0x028B	0x3442 ;_songData1+82
0x028C	0x3401 ;_songData1+83
0x028D	0x3460 ;_songData1+84
0x028E	0x3481 ;_songData1+85
0x028F	0x3480 ;_songData1+86
0x0290	0x3490 ;_songData1+87
0x0291	0x343F ;_songData1+88
0x0292	0x3405 ;_songData1+89
0x0293	0x3483 ;_songData1+90
0x0294	0x3491 ;_songData1+91
0x0295	0x3447 ;_songData1+92
0x0296	0x3480 ;_songData1+93
0x0297	0x3490 ;_songData1+94
0x0298	0x343F ;_songData1+95
0x0299	0x3401 ;_songData1+96
0x029A	0x3460 ;_songData1+97
0x029B	0x3481 ;_songData1+98
0x029C	0x3491 ;_songData1+99
0x029D	0x3447 ;_songData1+100
0x029E	0x3401 ;_songData1+101
0x029F	0x3460 ;_songData1+102
0x02A0	0x3481 ;_songData1+103
0x02A1	0x3491 ;_songData1+104
0x02A2	0x3445 ;_songData1+105
0x02A3	0x3401 ;_songData1+106
0x02A4	0x3460 ;_songData1+107
0x02A5	0x3481 ;_songData1+108
0x02A6	0x3491 ;_songData1+109
0x02A7	0x3442 ;_songData1+110
0x02A8	0x3401 ;_songData1+111
0x02A9	0x3460 ;_songData1+112
0x02AA	0x3481 ;_songData1+113
0x02AB	0x3491 ;_songData1+114
0x02AC	0x3444 ;_songData1+115
0x02AD	0x3480 ;_songData1+116
0x02AE	0x3490 ;_songData1+117
0x02AF	0x3440 ;_songData1+118
0x02B0	0x3404 ;_songData1+119
0x02B1	0x3422 ;_songData1+120
0x02B2	0x3481 ;_songData1+121
0x02B3	0x3480 ;_songData1+122
0x02B4	0x3490 ;_songData1+123
0x02B5	0x343B ;_songData1+124
0x02B6	0x3401 ;_songData1+125
0x02B7	0x3460 ;_songData1+126
0x02B8	0x3480 ;_songData1+127
0x02B9	0x3490 ;_songData1+128
0x02BA	0x343B ;_songData1+129
0x02BB	0x3401 ;_songData1+130
0x02BC	0x3460 ;_songData1+131
0x02BD	0x3491 ;_songData1+132
0x02BE	0x3444 ;_songData1+133
0x02BF	0x3401 ;_songData1+134
0x02C0	0x3460 ;_songData1+135
0x02C1	0x3481 ;_songData1+136
0x02C2	0x3491 ;_songData1+137
0x02C3	0x3442 ;_songData1+138
0x02C4	0x3401 ;_songData1+139
0x02C5	0x3460 ;_songData1+140
0x02C6	0x3481 ;_songData1+141
0x02C7	0x3491 ;_songData1+142
0x02C8	0x3440 ;_songData1+143
0x02C9	0x3401 ;_songData1+144
0x02CA	0x3460 ;_songData1+145
0x02CB	0x3481 ;_songData1+146
0x02CC	0x3480 ;_songData1+147
0x02CD	0x3490 ;_songData1+148
0x02CE	0x343B ;_songData1+149
0x02CF	0x3404 ;_songData1+150
0x02D0	0x3422 ;_songData1+151
0x02D1	0x3480 ;_songData1+152
0x02D2	0x3490 ;_songData1+153
0x02D3	0x343B ;_songData1+154
0x02D4	0x3401 ;_songData1+155
0x02D5	0x3460 ;_songData1+156
0x02D6	0x3480 ;_songData1+157
0x02D7	0x3490 ;_songData1+158
0x02D8	0x343B ;_songData1+159
0x02D9	0x3401 ;_songData1+160
0x02DA	0x3460 ;_songData1+161
0x02DB	0x3491 ;_songData1+162
0x02DC	0x3444 ;_songData1+163
0x02DD	0x3401 ;_songData1+164
0x02DE	0x3460 ;_songData1+165
0x02DF	0x3481 ;_songData1+166
0x02E0	0x3491 ;_songData1+167
0x02E1	0x3442 ;_songData1+168
0x02E2	0x3401 ;_songData1+169
0x02E3	0x3460 ;_songData1+170
0x02E4	0x3481 ;_songData1+171
0x02E5	0x3491 ;_songData1+172
0x02E6	0x3440 ;_songData1+173
0x02E7	0x3401 ;_songData1+174
0x02E8	0x3460 ;_songData1+175
0x02E9	0x3481 ;_songData1+176
0x02EA	0x3480 ;_songData1+177
0x02EB	0x3490 ;_songData1+178
0x02EC	0x343D ;_songData1+179
0x02ED	0x3404 ;_songData1+180
0x02EE	0x3422 ;_songData1+181
0x02EF	0x3480 ;_songData1+182
0x02F0	0x3490 ;_songData1+183
0x02F1	0x343D ;_songData1+184
0x02F2	0x3401 ;_songData1+185
0x02F3	0x3460 ;_songData1+186
0x02F4	0x3480 ;_songData1+187
0x02F5	0x3490 ;_songData1+188
0x02F6	0x343D ;_songData1+189
0x02F7	0x3401 ;_songData1+190
0x02F8	0x3460 ;_songData1+191
0x02F9	0x3491 ;_songData1+192
0x02FA	0x3445 ;_songData1+193
0x02FB	0x3401 ;_songData1+194
0x02FC	0x3460 ;_songData1+195
0x02FD	0x3481 ;_songData1+196
0x02FE	0x3491 ;_songData1+197
0x02FF	0x3444 ;_songData1+198
0x0300	0x3401 ;_songData1+199
0x0301	0x3460 ;_songData1+200
0x0302	0x3481 ;_songData1+201
0x0303	0x3491 ;_songData1+202
0x0304	0x3442 ;_songData1+203
0x0305	0x3401 ;_songData1+204
0x0306	0x3460 ;_songData1+205
0x0307	0x3481 ;_songData1+206
0x0308	0x3491 ;_songData1+207
0x0309	0x3447 ;_songData1+208
0x030A	0x3480 ;_songData1+209
0x030B	0x3490 ;_songData1+210
0x030C	0x343F ;_songData1+211
0x030D	0x3401 ;_songData1+212
0x030E	0x3460 ;_songData1+213
0x030F	0x3481 ;_songData1+214
0x0310	0x3491 ;_songData1+215
0x0311	0x3447 ;_songData1+216
0x0312	0x3401 ;_songData1+217
0x0313	0x3460 ;_songData1+218
0x0314	0x3481 ;_songData1+219
0x0315	0x3491 ;_songData1+220
0x0316	0x3447 ;_songData1+221
0x0317	0x3401 ;_songData1+222
0x0318	0x3460 ;_songData1+223
0x0319	0x3481 ;_songData1+224
0x031A	0x3491 ;_songData1+225
0x031B	0x3447 ;_songData1+226
0x031C	0x3401 ;_songData1+227
0x031D	0x3460 ;_songData1+228
0x031E	0x3481 ;_songData1+229
0x031F	0x3491 ;_songData1+230
0x0320	0x3449 ;_songData1+231
0x0321	0x3480 ;_songData1+232
0x0322	0x3490 ;_songData1+233
0x0323	0x343F ;_songData1+234
0x0324	0x3401 ;_songData1+235
0x0325	0x3460 ;_songData1+236
0x0326	0x3481 ;_songData1+237
0x0327	0x3491 ;_songData1+238
0x0328	0x3447 ;_songData1+239
0x0329	0x3401 ;_songData1+240
0x032A	0x3460 ;_songData1+241
0x032B	0x3481 ;_songData1+242
0x032C	0x3491 ;_songData1+243
0x032D	0x3445 ;_songData1+244
0x032E	0x3401 ;_songData1+245
0x032F	0x3460 ;_songData1+246
0x0330	0x3481 ;_songData1+247
0x0331	0x3491 ;_songData1+248
0x0332	0x3442 ;_songData1+249
0x0333	0x3401 ;_songData1+250
0x0334	0x3460 ;_songData1+251
0x0335	0x3481 ;_songData1+252
0x0336	0x3480 ;_songData1+253
0x0337	0x3490 ;_songData1+254
0x0338	0x3440 ;_songData1+255
0x0339	0x3402 ;_songData1+256
0x033A	0x34C1 ;_songData1+257
0x033B	0x3491 ;_songData1+258
0x033C	0x3447 ;_songData1+259
0x033D	0x3480 ;_songData1+260
0x033E	0x3402 ;_songData1+261
0x033F	0x34C1 ;_songData1+262
0x0340	0x3481 ;_songData1+263
0x0341	0x3490 ;_songData1+264
0x0342	0x3444 ;_songData1+265
0x0343	0x3491 ;_songData1+266
0x0344	0x3440 ;_songData1+267
0x0345	0x3401 ;_songData1+268
0x0346	0x3460 ;_songData1+269
0x0347	0x3480 ;_songData1+270
0x0348	0x3490 ;_songData1+271
0x0349	0x3444 ;_songData1+272
0x034A	0x3401 ;_songData1+273
0x034B	0x3460 ;_songData1+274
0x034C	0x3480 ;_songData1+275
0x034D	0x3490 ;_songData1+276
0x034E	0x3444 ;_songData1+277
0x034F	0x3481 ;_songData1+278
0x0350	0x3491 ;_songData1+279
0x0351	0x343B ;_songData1+280
0x0352	0x3402 ;_songData1+281
0x0353	0x34C1 ;_songData1+282
0x0354	0x3480 ;_songData1+283
0x0355	0x3490 ;_songData1+284
0x0356	0x3444 ;_songData1+285
0x0357	0x3481 ;_songData1+286
0x0358	0x3491 ;_songData1+287
0x0359	0x3440 ;_songData1+288
0x035A	0x3401 ;_songData1+289
0x035B	0x3460 ;_songData1+290
0x035C	0x3480 ;_songData1+291
0x035D	0x3490 ;_songData1+292
0x035E	0x3444 ;_songData1+293
0x035F	0x3401 ;_songData1+294
0x0360	0x3460 ;_songData1+295
0x0361	0x3480 ;_songData1+296
0x0362	0x3490 ;_songData1+297
0x0363	0x3444 ;_songData1+298
0x0364	0x3481 ;_songData1+299
0x0365	0x3491 ;_songData1+300
0x0366	0x343B ;_songData1+301
0x0367	0x3402 ;_songData1+302
0x0368	0x34C1 ;_songData1+303
0x0369	0x3480 ;_songData1+304
0x036A	0x3490 ;_songData1+305
0x036B	0x3444 ;_songData1+306
0x036C	0x3481 ;_songData1+307
0x036D	0x3491 ;_songData1+308
0x036E	0x3440 ;_songData1+309
0x036F	0x3401 ;_songData1+310
0x0370	0x3460 ;_songData1+311
0x0371	0x3480 ;_songData1+312
0x0372	0x3490 ;_songData1+313
0x0373	0x3447 ;_songData1+314
0x0374	0x3401 ;_songData1+315
0x0375	0x3460 ;_songData1+316
0x0376	0x3480 ;_songData1+317
0x0377	0x3490 ;_songData1+318
0x0378	0x3440 ;_songData1+319
0x0379	0x3480 ;_songData1+320
0x037A	0x3481 ;_songData1+321
0x037B	0x3490 ;_songData1+322
0x037C	0x343B ;_songData1+323
0x037D	0x3401 ;_songData1+324
0x037E	0x3460 ;_songData1+325
0x037F	0x3491 ;_songData1+326
0x0380	0x3442 ;_songData1+327
0x0381	0x3401 ;_songData1+328
0x0382	0x3460 ;_songData1+329
0x0383	0x3481 ;_songData1+330
0x0384	0x3491 ;_songData1+331
0x0385	0x3444 ;_songData1+332
0x0386	0x3480 ;_songData1+333
0x0387	0x3490 ;_songData1+334
0x0388	0x3440 ;_songData1+335
0x0389	0x3402 ;_songData1+336
0x038A	0x34C1 ;_songData1+337
0x038B	0x3480 ;_songData1+338
0x038C	0x3490 ;_songData1+339
0x038D	0x343B ;_songData1+340
0x038E	0x3402 ;_songData1+341
0x038F	0x34C1 ;_songData1+342
0x0390	0x3481 ;_songData1+343
0x0391	0x3491 ;_songData1+344
0x0392	0x3445 ;_songData1+345
0x0393	0x3480 ;_songData1+346
0x0394	0x3490 ;_songData1+347
0x0395	0x343F ;_songData1+348
0x0396	0x3401 ;_songData1+349
0x0397	0x3460 ;_songData1+350
0x0398	0x3481 ;_songData1+351
0x0399	0x3491 ;_songData1+352
0x039A	0x3445 ;_songData1+353
0x039B	0x3401 ;_songData1+354
0x039C	0x3460 ;_songData1+355
0x039D	0x3481 ;_songData1+356
0x039E	0x3491 ;_songData1+357
0x039F	0x3445 ;_songData1+358
0x03A0	0x3480 ;_songData1+359
0x03A1	0x3490 ;_songData1+360
0x03A2	0x343B ;_songData1+361
0x03A3	0x3401 ;_songData1+362
0x03A4	0x3460 ;_songData1+363
0x03A5	0x3481 ;_songData1+364
0x03A6	0x3491 ;_songData1+365
0x03A7	0x3445 ;_songData1+366
0x03A8	0x3401 ;_songData1+367
0x03A9	0x3460 ;_songData1+368
0x03AA	0x3481 ;_songData1+369
0x03AB	0x3491 ;_songData1+370
0x03AC	0x3445 ;_songData1+371
0x03AD	0x3480 ;_songData1+372
0x03AE	0x3490 ;_songData1+373
0x03AF	0x3440 ;_songData1+374
0x03B0	0x3401 ;_songData1+375
0x03B1	0x3460 ;_songData1+376
0x03B2	0x3492 ;_songData1+377
0x03B3	0x3444 ;_songData1+378
0x03B4	0x3400 ;_songData1+379
0x03B5	0x3406 ;_songData1+380
0x03B6	0x3481 ;_songData1+381
0x03B7	0x3401 ;_songData1+382
0x03B8	0x3448 ;_songData1+383
0x03B9	0x3482 ;_songData1+384
0x03BA	0x3400 ;_songData1+385
0x03BB	0x3411 ;_songData1+386
0x03BC	0x3491 ;_songData1+387
0x03BD	0x3444 ;_songData1+388
0x03BE	0x3480 ;_songData1+389
0x03BF	0x3490 ;_songData1+390
0x03C0	0x343B ;_songData1+391
0x03C1	0x3401 ;_songData1+392
0x03C2	0x3460 ;_songData1+393
0x03C3	0x3481 ;_songData1+394
0x03C4	0x3491 ;_songData1+395
0x03C5	0x3444 ;_songData1+396
0x03C6	0x3401 ;_songData1+397
0x03C7	0x3460 ;_songData1+398
0x03C8	0x3481 ;_songData1+399
0x03C9	0x3491 ;_songData1+400
0x03CA	0x3444 ;_songData1+401
0x03CB	0x3480 ;_songData1+402
0x03CC	0x3490 ;_songData1+403
0x03CD	0x343A ;_songData1+404
0x03CE	0x3401 ;_songData1+405
0x03CF	0x3460 ;_songData1+406
0x03D0	0x3492 ;_songData1+407
0x03D1	0x3442 ;_songData1+408
0x03D2	0x3400 ;_songData1+409
0x03D3	0x3406 ;_songData1+410
0x03D4	0x3481 ;_songData1+411
0x03D5	0x3401 ;_songData1+412
0x03D6	0x3448 ;_songData1+413
0x03D7	0x3482 ;_songData1+414
0x03D8	0x3400 ;_songData1+415
0x03D9	0x3411 ;_songData1+416
0x03DA	0x3491 ;_songData1+417
0x03DB	0x3442 ;_songData1+418
0x03DC	0x3401 ;_songData1+419
0x03DD	0x3460 ;_songData1+420
0x03DE	0x3481 ;_songData1+421
0x03DF	0x3491 ;_songData1+422
0x03E0	0x3444 ;_songData1+423
0x03E1	0x3401 ;_songData1+424
0x03E2	0x3460 ;_songData1+425
0x03E3	0x3481 ;_songData1+426
0x03E4	0x3491 ;_songData1+427
0x03E5	0x3442 ;_songData1+428
0x03E6	0x3480 ;_songData1+429
0x03E7	0x3490 ;_songData1+430
0x03E8	0x343B ;_songData1+431
0x03E9	0x3402 ;_songData1+432
0x03EA	0x34C1 ;_songData1+433
0x03EB	0x3481 ;_songData1+434
0x03EC	0x3491 ;_songData1+435
0x03ED	0x3447 ;_songData1+436
0x03EE	0x3402 ;_songData1+437
0x03EF	0x34C1 ;_songData1+438
0x03F0	0x3481 ;_songData1+439
0x03F1	0x3491 ;_songData1+440
0x03F2	0x3444 ;_songData1+441
0x03F3	0x3480 ;_songData1+442
0x03F4	0x3490 ;_songData1+443
0x03F5	0x3440 ;_songData1+444
0x03F6	0x3401 ;_songData1+445
0x03F7	0x3460 ;_songData1+446
0x03F8	0x3481 ;_songData1+447
0x03F9	0x3491 ;_songData1+448
0x03FA	0x3444 ;_songData1+449
0x03FB	0x3401 ;_songData1+450
0x03FC	0x3460 ;_songData1+451
0x03FD	0x3481 ;_songData1+452
0x03FE	0x3491 ;_songData1+453
0x03FF	0x3444 ;_songData1+454
0x0400	0x3480 ;_songData1+455
0x0401	0x3490 ;_songData1+456
0x0402	0x343B ;_songData1+457
0x0403	0x3402 ;_songData1+458
0x0404	0x34C1 ;_songData1+459
0x0405	0x3481 ;_songData1+460
0x0406	0x3491 ;_songData1+461
0x0407	0x3444 ;_songData1+462
0x0408	0x3480 ;_songData1+463
0x0409	0x3490 ;_songData1+464
0x040A	0x3440 ;_songData1+465
0x040B	0x3401 ;_songData1+466
0x040C	0x3460 ;_songData1+467
0x040D	0x3481 ;_songData1+468
0x040E	0x3491 ;_songData1+469
0x040F	0x3444 ;_songData1+470
0x0410	0x3401 ;_songData1+471
0x0411	0x3460 ;_songData1+472
0x0412	0x3481 ;_songData1+473
0x0413	0x3491 ;_songData1+474
0x0414	0x3444 ;_songData1+475
0x0415	0x3480 ;_songData1+476
0x0416	0x3490 ;_songData1+477
0x0417	0x343B ;_songData1+478
0x0418	0x3402 ;_songData1+479
0x0419	0x34C1 ;_songData1+480
0x041A	0x3481 ;_songData1+481
0x041B	0x3491 ;_songData1+482
0x041C	0x3444 ;_songData1+483
0x041D	0x3480 ;_songData1+484
0x041E	0x3490 ;_songData1+485
0x041F	0x3440 ;_songData1+486
0x0420	0x3401 ;_songData1+487
0x0421	0x3460 ;_songData1+488
0x0422	0x3481 ;_songData1+489
0x0423	0x3491 ;_songData1+490
0x0424	0x3447 ;_songData1+491
0x0425	0x3401 ;_songData1+492
0x0426	0x3460 ;_songData1+493
0x0427	0x3481 ;_songData1+494
0x0428	0x3491 ;_songData1+495
0x0429	0x3440 ;_songData1+496
0x042A	0x3480 ;_songData1+497
0x042B	0x3481 ;_songData1+498
0x042C	0x3490 ;_songData1+499
0x042D	0x343B ;_songData1+500
0x042E	0x3401 ;_songData1+501
0x042F	0x3460 ;_songData1+502
0x0430	0x3491 ;_songData1+503
0x0431	0x3442 ;_songData1+504
0x0432	0x3401 ;_songData1+505
0x0433	0x3460 ;_songData1+506
0x0434	0x3481 ;_songData1+507
0x0435	0x3491 ;_songData1+508
0x0436	0x3444 ;_songData1+509
0x0437	0x3480 ;_songData1+510
0x0438	0x3490 ;_songData1+511
0x0439	0x3440 ;_songData1+512
0x043A	0x3402 ;_songData1+513
0x043B	0x34C1 ;_songData1+514
0x043C	0x3480 ;_songData1+515
0x043D	0x3490 ;_songData1+516
0x043E	0x343B ;_songData1+517
0x043F	0x3402 ;_songData1+518
0x0440	0x34C1 ;_songData1+519
0x0441	0x3481 ;_songData1+520
0x0442	0x3491 ;_songData1+521
0x0443	0x3445 ;_songData1+522
0x0444	0x3480 ;_songData1+523
0x0445	0x3490 ;_songData1+524
0x0446	0x343F ;_songData1+525
0x0447	0x3401 ;_songData1+526
0x0448	0x3460 ;_songData1+527
0x0449	0x3481 ;_songData1+528
0x044A	0x3491 ;_songData1+529
0x044B	0x3445 ;_songData1+530
0x044C	0x3401 ;_songData1+531
0x044D	0x3460 ;_songData1+532
0x044E	0x3481 ;_songData1+533
0x044F	0x3491 ;_songData1+534
0x0450	0x3445 ;_songData1+535
0x0451	0x3480 ;_songData1+536
0x0452	0x3490 ;_songData1+537
0x0453	0x343B ;_songData1+538
0x0454	0x3401 ;_songData1+539
0x0455	0x3460 ;_songData1+540
0x0456	0x3481 ;_songData1+541
0x0457	0x3491 ;_songData1+542
0x0458	0x3445 ;_songData1+543
0x0459	0x3401 ;_songData1+544
0x045A	0x3460 ;_songData1+545
0x045B	0x3481 ;_songData1+546
0x045C	0x3491 ;_songData1+547
0x045D	0x3445 ;_songData1+548
0x045E	0x3480 ;_songData1+549
0x045F	0x3490 ;_songData1+550
0x0460	0x3440 ;_songData1+551
0x0461	0x3401 ;_songData1+552
0x0462	0x3460 ;_songData1+553
0x0463	0x3492 ;_songData1+554
0x0464	0x3444 ;_songData1+555
0x0465	0x3400 ;_songData1+556
0x0466	0x3406 ;_songData1+557
0x0467	0x3481 ;_songData1+558
0x0468	0x3401 ;_songData1+559
0x0469	0x3448 ;_songData1+560
0x046A	0x3482 ;_songData1+561
0x046B	0x3400 ;_songData1+562
0x046C	0x3411 ;_songData1+563
0x046D	0x3491 ;_songData1+564
0x046E	0x3444 ;_songData1+565
0x046F	0x3480 ;_songData1+566
0x0470	0x3490 ;_songData1+567
0x0471	0x343B ;_songData1+568
0x0472	0x3401 ;_songData1+569
0x0473	0x3460 ;_songData1+570
0x0474	0x3481 ;_songData1+571
0x0475	0x3491 ;_songData1+572
0x0476	0x3444 ;_songData1+573
0x0477	0x3401 ;_songData1+574
0x0478	0x3460 ;_songData1+575
0x0479	0x3481 ;_songData1+576
0x047A	0x3491 ;_songData1+577
0x047B	0x3447 ;_songData1+578
0x047C	0x3480 ;_songData1+579
0x047D	0x3490 ;_songData1+580
0x047E	0x343B ;_songData1+581
0x047F	0x3401 ;_songData1+582
0x0480	0x3460 ;_songData1+583
0x0481	0x3481 ;_songData1+584
0x0482	0x3491 ;_songData1+585
0x0483	0x3447 ;_songData1+586
0x0484	0x3480 ;_songData1+587
0x0485	0x3490 ;_songData1+588
0x0486	0x343B ;_songData1+589
0x0487	0x3401 ;_songData1+590
0x0488	0x3460 ;_songData1+591
0x0489	0x3481 ;_songData1+592
0x048A	0x3491 ;_songData1+593
0x048B	0x3445 ;_songData1+594
0x048C	0x3480 ;_songData1+595
0x048D	0x3490 ;_songData1+596
0x048E	0x343D ;_songData1+597
0x048F	0x3401 ;_songData1+598
0x0490	0x3460 ;_songData1+599
0x0491	0x3492 ;_songData1+600
0x0492	0x3442 ;_songData1+601
0x0493	0x3480 ;_songData1+602
0x0494	0x3490 ;_songData1+603
0x0495	0x343F ;_songData1+604
0x0496	0x3400 ;_songData1+605
0x0497	0x3406 ;_songData1+606
0x0498	0x3481 ;_songData1+607
0x0499	0x3401 ;_songData1+608
0x049A	0x3448 ;_songData1+609
0x049B	0x3482 ;_songData1+610
0x049C	0x3400 ;_songData1+611
0x049D	0x3411 ;_songData1+612
0x049E	0x3491 ;_songData1+613
0x049F	0x3440 ;_songData1+614
0x04A0	0x3480 ;_songData1+615
0x04A1	0x3490 ;_songData1+616
0x04A2	0x3440 ;_songData1+617
0x04A3	0x3404 ;_songData1+618
0x04A4	0x3422 ;_songData1+619
0x04A5	0x3480 ;_songData1+620
0x04A6	0x3481 ;_songData1+621
0x04A7	0x34F0 ;_songData1+622
; end of _songData1
;tuningwords.c,3 :: _tuningWords
0x04A8	0x34E5 ;_tuningWords+0
0x04A9	0x34EE ;_tuningWords+1
0x04AA	0x347C ;_tuningWords+2
0x04AB	0x34E1 ;_tuningWords+3
0x04AC	0x34D4 ;_tuningWords+4
0x04AD	0x34D4 ;_tuningWords+5
0x04AE	0x34E2 ;_tuningWords+6
0x04AF	0x34C8 ;_tuningWords+7
0x04B0	0x349C ;_tuningWords+8
0x04B1	0x34BD ;_tuningWords+9
0x04B2	0x34F8 ;_tuningWords+10
0x04B3	0x34B2 ;_tuningWords+11
0x04B4	0x34EC ;_tuningWords+12
0x04B5	0x34A8 ;_tuningWords+13
0x04B6	0x3471 ;_tuningWords+14
0x04B7	0x349F ;_tuningWords+15
0x04B8	0x347E ;_tuningWords+16
0x04B9	0x3496 ;_tuningWords+17
0x04BA	0x340C ;_tuningWords+18
0x04BB	0x348E ;_tuningWords+19
0x04BC	0x3413 ;_tuningWords+20
0x04BD	0x3486 ;_tuningWords+21
0x04BE	0x348D ;_tuningWords+22
0x04BF	0x347E ;_tuningWords+23
0x04C0	0x3473 ;_tuningWords+24
0x04C1	0x3477 ;_tuningWords+25
0x04C2	0x34BE ;_tuningWords+26
0x04C3	0x3470 ;_tuningWords+27
0x04C4	0x346A ;_tuningWords+28
0x04C5	0x346A ;_tuningWords+29
0x04C6	0x3471 ;_tuningWords+30
0x04C7	0x3464 ;_tuningWords+31
0x04C8	0x34CE ;_tuningWords+32
0x04C9	0x345E ;_tuningWords+33
0x04CA	0x347C ;_tuningWords+34
0x04CB	0x3459 ;_tuningWords+35
0x04CC	0x3476 ;_tuningWords+36
0x04CD	0x3454 ;_tuningWords+37
0x04CE	0x34B9 ;_tuningWords+38
0x04CF	0x344F ;_tuningWords+39
0x04D0	0x343F ;_tuningWords+40
0x04D1	0x344B ;_tuningWords+41
0x04D2	0x3406 ;_tuningWords+42
0x04D3	0x3447 ;_tuningWords+43
0x04D4	0x340A ;_tuningWords+44
0x04D5	0x3443 ;_tuningWords+45
0x04D6	0x3447 ;_tuningWords+46
0x04D7	0x343F ;_tuningWords+47
0x04D8	0x34BA ;_tuningWords+48
0x04D9	0x343B ;_tuningWords+49
0x04DA	0x345F ;_tuningWords+50
0x04DB	0x3438 ;_tuningWords+51
0x04DC	0x3435 ;_tuningWords+52
0x04DD	0x3435 ;_tuningWords+53
0x04DE	0x3439 ;_tuningWords+54
0x04DF	0x3432 ;_tuningWords+55
0x04E0	0x3467 ;_tuningWords+56
0x04E1	0x342F ;_tuningWords+57
0x04E2	0x34BE ;_tuningWords+58
0x04E3	0x342C ;_tuningWords+59
0x04E4	0x343B ;_tuningWords+60
0x04E5	0x342A ;_tuningWords+61
0x04E6	0x34DD ;_tuningWords+62
0x04E7	0x3427 ;_tuningWords+63
0x04E8	0x34A0 ;_tuningWords+64
0x04E9	0x3425 ;_tuningWords+65
0x04EA	0x3483 ;_tuningWords+66
0x04EB	0x3423 ;_tuningWords+67
0x04EC	0x3485 ;_tuningWords+68
0x04ED	0x3421 ;_tuningWords+69
0x04EE	0x34A4 ;_tuningWords+70
0x04EF	0x341F ;_tuningWords+71
0x04F0	0x34DD ;_tuningWords+72
0x04F1	0x341D ;_tuningWords+73
0x04F2	0x3430 ;_tuningWords+74
0x04F3	0x341C ;_tuningWords+75
0x04F4	0x349B ;_tuningWords+76
0x04F5	0x341A ;_tuningWords+77
0x04F6	0x341D ;_tuningWords+78
0x04F7	0x3419 ;_tuningWords+79
0x04F8	0x34B4 ;_tuningWords+80
0x04F9	0x3417 ;_tuningWords+81
0x04FA	0x345F ;_tuningWords+82
0x04FB	0x3416 ;_tuningWords+83
0x04FC	0x341E ;_tuningWords+84
0x04FD	0x3415 ;_tuningWords+85
0x04FE	0x34EF ;_tuningWords+86
0x04FF	0x3413 ;_tuningWords+87
0x0500	0x34D0 ;_tuningWords+88
0x0501	0x3412 ;_tuningWords+89
0x0502	0x34C2 ;_tuningWords+90
0x0503	0x3411 ;_tuningWords+91
0x0504	0x34C3 ;_tuningWords+92
0x0505	0x3410 ;_tuningWords+93
0x0506	0x34D2 ;_tuningWords+94
0x0507	0x340F ;_tuningWords+95
0x0508	0x34EF ;_tuningWords+96
0x0509	0x340E ;_tuningWords+97
0x050A	0x3418 ;_tuningWords+98
0x050B	0x340E ;_tuningWords+99
0x050C	0x344E ;_tuningWords+100
0x050D	0x340D ;_tuningWords+101
0x050E	0x348F ;_tuningWords+102
0x050F	0x340C ;_tuningWords+103
0x0510	0x34DA ;_tuningWords+104
0x0511	0x340B ;_tuningWords+105
0x0512	0x3430 ;_tuningWords+106
0x0513	0x340B ;_tuningWords+107
0x0514	0x348F ;_tuningWords+108
0x0515	0x340A ;_tuningWords+109
0x0516	0x34F8 ;_tuningWords+110
0x0517	0x3409 ;_tuningWords+111
0x0518	0x3468 ;_tuningWords+112
0x0519	0x3409 ;_tuningWords+113
0x051A	0x34E1 ;_tuningWords+114
0x051B	0x3408 ;_tuningWords+115
0x051C	0x3462 ;_tuningWords+116
0x051D	0x3408 ;_tuningWords+117
0x051E	0x34E9 ;_tuningWords+118
0x051F	0x3407 ;_tuningWords+119
0x0520	0x3478 ;_tuningWords+120
0x0521	0x3407 ;_tuningWords+121
0x0522	0x340C ;_tuningWords+122
0x0523	0x3407 ;_tuningWords+123
0x0524	0x34A7 ;_tuningWords+124
0x0525	0x3406 ;_tuningWords+125
0x0526	0x3448 ;_tuningWords+126
0x0527	0x3406 ;_tuningWords+127
0x0528	0x34ED ;_tuningWords+128
0x0529	0x3405 ;_tuningWords+129
0x052A	0x3498 ;_tuningWords+130
0x052B	0x3405 ;_tuningWords+131
0x052C	0x3448 ;_tuningWords+132
0x052D	0x3405 ;_tuningWords+133
0x052E	0x34FC ;_tuningWords+134
0x052F	0x3404 ;_tuningWords+135
0x0530	0x34B4 ;_tuningWords+136
0x0531	0x3404 ;_tuningWords+137
0x0532	0x3471 ;_tuningWords+138
0x0533	0x3404 ;_tuningWords+139
0x0534	0x3431 ;_tuningWords+140
0x0535	0x3404 ;_tuningWords+141
0x0536	0x34F5 ;_tuningWords+142
0x0537	0x3403 ;_tuningWords+143
0x0538	0x34BC ;_tuningWords+144
0x0539	0x3403 ;_tuningWords+145
0x053A	0x3486 ;_tuningWords+146
0x053B	0x3403 ;_tuningWords+147
0x053C	0x3454 ;_tuningWords+148
0x053D	0x3403 ;_tuningWords+149
0x053E	0x3424 ;_tuningWords+150
0x053F	0x3403 ;_tuningWords+151
0x0540	0x34F7 ;_tuningWords+152
0x0541	0x3402 ;_tuningWords+153
0x0542	0x34CC ;_tuningWords+154
0x0543	0x3402 ;_tuningWords+155
0x0544	0x34A4 ;_tuningWords+156
0x0545	0x3402 ;_tuningWords+157
0x0546	0x347E ;_tuningWords+158
0x0547	0x3402 ;_tuningWords+159
0x0548	0x345A ;_tuningWords+160
0x0549	0x3402 ;_tuningWords+161
0x054A	0x3439 ;_tuningWords+162
0x054B	0x3402 ;_tuningWords+163
0x054C	0x3419 ;_tuningWords+164
0x054D	0x3402 ;_tuningWords+165
0x054E	0x34FB ;_tuningWords+166
0x054F	0x3401 ;_tuningWords+167
0x0550	0x34DE ;_tuningWords+168
0x0551	0x3401 ;_tuningWords+169
0x0552	0x34C3 ;_tuningWords+170
0x0553	0x3401 ;_tuningWords+171
0x0554	0x34AA ;_tuningWords+172
0x0555	0x3401 ;_tuningWords+173
0x0556	0x3492 ;_tuningWords+174
0x0557	0x3401 ;_tuningWords+175
0x0558	0x347C ;_tuningWords+176
0x0559	0x3401 ;_tuningWords+177
0x055A	0x3466 ;_tuningWords+178
0x055B	0x3401 ;_tuningWords+179
0x055C	0x3452 ;_tuningWords+180
0x055D	0x3401 ;_tuningWords+181
0x055E	0x343F ;_tuningWords+182
0x055F	0x3401 ;_tuningWords+183
0x0560	0x342D ;_tuningWords+184
0x0561	0x3401 ;_tuningWords+185
0x0562	0x341D ;_tuningWords+186
0x0563	0x3401 ;_tuningWords+187
0x0564	0x340D ;_tuningWords+188
0x0565	0x3401 ;_tuningWords+189
0x0566	0x34FE ;_tuningWords+190
0x0567	0x3400 ;_tuningWords+191
0x0568	0x34EF ;_tuningWords+192
0x0569	0x3400 ;_tuningWords+193
0x056A	0x34E2 ;_tuningWords+194
0x056B	0x3400 ;_tuningWords+195
0x056C	0x34D5 ;_tuningWords+196
0x056D	0x3400 ;_tuningWords+197
0x056E	0x34C9 ;_tuningWords+198
0x056F	0x3400 ;_tuningWords+199
0x0570	0x34BE ;_tuningWords+200
0x0571	0x3400 ;_tuningWords+201
0x0572	0x34B3 ;_tuningWords+202
0x0573	0x3400 ;_tuningWords+203
0x0574	0x34A9 ;_tuningWords+204
0x0575	0x3400 ;_tuningWords+205
0x0576	0x34A0 ;_tuningWords+206
0x0577	0x3400 ;_tuningWords+207
0x0578	0x3497 ;_tuningWords+208
0x0579	0x3400 ;_tuningWords+209
0x057A	0x348F ;_tuningWords+210
0x057B	0x3400 ;_tuningWords+211
0x057C	0x3487 ;_tuningWords+212
0x057D	0x3400 ;_tuningWords+213
0x057E	0x347F ;_tuningWords+214
0x057F	0x3400 ;_tuningWords+215
0x0580	0x3478 ;_tuningWords+216
0x0581	0x3400 ;_tuningWords+217
0x0582	0x3471 ;_tuningWords+218
0x0583	0x3400 ;_tuningWords+219
0x0584	0x346B ;_tuningWords+220
0x0585	0x3400 ;_tuningWords+221
0x0586	0x3465 ;_tuningWords+222
0x0587	0x3400 ;_tuningWords+223
0x0588	0x345F ;_tuningWords+224
0x0589	0x3400 ;_tuningWords+225
0x058A	0x345A ;_tuningWords+226
0x058B	0x3400 ;_tuningWords+227
0x058C	0x3455 ;_tuningWords+228
0x058D	0x3400 ;_tuningWords+229
0x058E	0x3450 ;_tuningWords+230
0x058F	0x3400 ;_tuningWords+231
0x0590	0x344C ;_tuningWords+232
0x0591	0x3400 ;_tuningWords+233
0x0592	0x3448 ;_tuningWords+234
0x0593	0x3400 ;_tuningWords+235
0x0594	0x3444 ;_tuningWords+236
0x0595	0x3400 ;_tuningWords+237
0x0596	0x3440 ;_tuningWords+238
0x0597	0x3400 ;_tuningWords+239
0x0598	0x343C ;_tuningWords+240
0x0599	0x3400 ;_tuningWords+241
0x059A	0x3439 ;_tuningWords+242
0x059B	0x3400 ;_tuningWords+243
0x059C	0x3436 ;_tuningWords+244
0x059D	0x3400 ;_tuningWords+245
0x059E	0x3433 ;_tuningWords+246
0x059F	0x3400 ;_tuningWords+247
0x05A0	0x3430 ;_tuningWords+248
0x05A1	0x3400 ;_tuningWords+249
0x05A2	0x342D ;_tuningWords+250
0x05A3	0x3400 ;_tuningWords+251
0x05A4	0x342B ;_tuningWords+252
0x05A5	0x3400 ;_tuningWords+253
0x05A6	0x3400 ;_tuningWords+254
0x05A7	0x3400 ;_tuningWords+255
; end of _tuningWords
Symbol List:
//** Routines locations **
//ADDRESS    SIZE    PROCEDURE
//----------------------------------------------
0x0004      [28]    _timer1interrupt
0x0020       [9]    ___CC2DW
0x0029      [26]    _init_pwm2
0x0043      [26]    _init_pwm1
0x005D      [18]    _init
0x006F      [26]    _init_pwm3
0x0089       [8]    _init_intr
0x0091      [11]    _init_timer1
0x009C     [362]    _updateNote
0x0206      [51]    _main
//** Variables locations ** 
//ADDRESS    SIZE    VARIABLE
//----------------------------------------------
0x0000       [1]    INDF0
0x0001       [1]    INDF1
0x0003       [1]    STATUS
0x0004       [1]    FSR0L
0x0005       [1]    FSR0H
0x0006       [1]    FSR1L
0x0007       [1]    FSR1H
0x000A       [1]    PCLATH
0x000B       [1]    INTCON
0x0011       [1]    PIR1
0x0016       [2]    TMR1
0x0018       [1]    T1CON
0x0019       [1]    T1GCON
0x0021       [2]    _time_play
0x0023       [1]    _opcode
0x0024       [1]    _cmd
0x0025       [2]    _songIndex
0x0027       [1]    _isPlaying
0x0028       [2]    _time_play_count
0x002A       [1]    _chan
0x002B       [1]    _isUpdateNote
0x0070       [1]    R0
0x0071       [1]    R1
0x0072       [1]    R2
0x0073       [1]    R3
0x0074       [1]    R4
0x0075       [1]    R5
0x0076       [1]    R6
0x0077       [1]    R7
0x0078       [1]    R8
0x0079       [1]    R9
0x007A       [1]    R10
0x007B       [1]    R11
0x007C       [1]    R12
0x007D       [1]    R13
0x007E       [1]    R14
0x007F       [1]    R15
0x008C       [1]    TRISA
0x0091       [1]    PIE1
0x0093       [1]    PIE3
0x0099       [1]    OSCCON
0x010C       [1]    LATA
0x011D       [1]    APFCON
0x018C       [1]    ANSELA
0x0D91       [2]    PWM1PH
0x0D93       [2]    PWM1DC
0x0D95       [2]    PWM1PR
0x0D99       [2]    PWM1TMR
0x0D9B       [1]    PWM1CON
0x0D9C       [1]    PWM1INTE
0x0D9E       [1]    PWM1CLKCON
0x0D9F       [1]    PWM1LDCON
0x0DA1       [2]    PWM2PH
0x0DA3       [2]    PWM2DC
0x0DA5       [2]    PWM2PR
0x0DA9       [2]    PWM2TMR
0x0DAB       [1]    PWM2CON
0x0DAC       [1]    PWM2INTE
0x0DAE       [1]    PWM2CLKCON
0x0DAF       [1]    PWM2LDCON
0x0DB1       [2]    PWM3PH
0x0DB3       [2]    PWM3DC
0x0DB5       [2]    PWM3PR
0x0DB9       [2]    PWM3TMR
0x0DBB       [1]    PWM3CON
0x0DBC       [1]    PWM3INTE
0x0DBE       [1]    PWM3CLKCON
0x0DBF       [1]    PWM3LDCON
//** Constants locations ** 
//ADDRESS    SIZE    CONSTANT
//----------------------------------------------
0x0239     [623]    _songData1
0x04A8     [256]    _tuningWords
